0 info it worked if it ends with ok
1 verbose cli [ '/usr/local/Cellar/node/5.5.0/bin/node',
1 verbose cli   '/usr/local/bin/npm',
1 verbose cli   'publish' ]
2 info using npm@3.5.3
3 info using node@v5.5.0
4 verbose publish [ '.' ]
5 silly cache add args [ '.', null ]
6 verbose cache add spec .
7 silly cache add parsed spec Result {
7 silly cache add   raw: '.',
7 silly cache add   scope: null,
7 silly cache add   name: null,
7 silly cache add   rawSpec: '.',
7 silly cache add   spec: '/Users/SashankAlladi/GitHub/utyls/utyls',
7 silly cache add   type: 'directory' }
8 verbose addLocalDirectory /Users/SashankAlladi/.npm/utyls/1.0.0/package.tgz not in flight; packing
9 info lifecycle utyls@1.0.0~prepublish: utyls@1.0.0
10 silly lifecycle utyls@1.0.0~prepublish: no script for prepublish, continuing
11 verbose tar pack [ '/Users/SashankAlladi/.npm/utyls/1.0.0/package.tgz',
11 verbose tar pack   '/Users/SashankAlladi/GitHub/utyls/utyls' ]
12 verbose tarball /Users/SashankAlladi/.npm/utyls/1.0.0/package.tgz
13 verbose folder /Users/SashankAlladi/GitHub/utyls/utyls
14 verbose addLocalTarball adding from inside cache /Users/SashankAlladi/.npm/utyls/1.0.0/package.tgz
15 silly cache afterAdd utyls@1.0.0
16 verbose afterAdd /Users/SashankAlladi/.npm/utyls/1.0.0/package/package.json not in flight; writing
17 verbose afterAdd /Users/SashankAlladi/.npm/utyls/1.0.0/package/package.json written
18 silly publish { name: 'utyls',
18 silly publish   version: '1.0.0',
18 silly publish   description: 'JavaScript util library',
18 silly publish   main: 'index.js',
18 silly publish   scripts: { test: 'echo "Error: no test specified" && exit 1' },
18 silly publish   repository:
18 silly publish    { type: 'git',
18 silly publish      url: 'git+https://github.com/shivani08/utyls.git' },
18 silly publish   author: { name: 'Shivani Alladi' },
18 silly publish   license: 'MIT',
18 silly publish   bugs: { url: 'https://github.com/shivani08/utyls/issues' },
18 silly publish   homepage: 'https://github.com/shivani08/utyls#readme',
18 silly publish   devDependencies: { typescript: '^1.8.9' },
18 silly publish   readme: '# utyls\n\nDocumentation coming soon\n',
18 silly publish   readmeFilename: 'README.md',
18 silly publish   gitHead: '7c3a39344ce7b7909358a3d8eea48897187524c6',
18 silly publish   _id: 'utyls@1.0.0',
18 silly publish   _shasum: '7af9442df032c3326e3e849627df8257543766bf',
18 silly publish   _from: '.' }
19 verbose getPublishConfig undefined
20 silly mapToRegistry name utyls
21 silly mapToRegistry using default registry
22 silly mapToRegistry registry https://registry.npmjs.org/
23 silly mapToRegistry uri https://registry.npmjs.org/utyls
24 verbose publish registryBase https://registry.npmjs.org/
25 silly publish uploading /Users/SashankAlladi/.npm/utyls/1.0.0/package.tgz
26 verbose request uri https://registry.npmjs.org/utyls
27 verbose request sending authorization for write operation
28 info attempt registry request try #1 at 10:08:06 AM
29 verbose request using bearer token for auth
30 verbose request id cc955be3acfa10d8
31 http request PUT https://registry.npmjs.org/utyls
32 http 403 https://registry.npmjs.org/utyls
33 verbose headers { 'content-type': 'application/json',
33 verbose headers   'cache-control': 'max-age=300',
33 verbose headers   'content-length': '95',
33 verbose headers   'accept-ranges': 'bytes',
33 verbose headers   date: 'Sun, 10 Apr 2016 15:08:08 GMT',
33 verbose headers   via: '1.1 varnish',
33 verbose headers   connection: 'keep-alive',
33 verbose headers   'x-served-by': 'cache-dfw1836-DFW',
33 verbose headers   'x-cache': 'MISS',
33 verbose headers   'x-cache-hits': '0',
33 verbose headers   'x-timer': 'S1460300886.848962,VS0,VE1155',
33 verbose headers   vary: 'Accept-Encoding' }
34 verbose request invalidating /Users/SashankAlladi/.npm/registry.npmjs.org/utyls on PUT
35 error publish Failed PUT 403
36 verbose stack Error: "You cannot publish over the previously published version 1.0.0." : utyls
36 verbose stack     at makeError (/usr/local/lib/node_modules/npm/node_modules/npm-registry-client/lib/request.js:264:12)
36 verbose stack     at CachingRegistryClient.<anonymous> (/usr/local/lib/node_modules/npm/node_modules/npm-registry-client/lib/request.js:252:14)
36 verbose stack     at Request._callback (/usr/local/lib/node_modules/npm/node_modules/npm-registry-client/lib/request.js:172:14)
36 verbose stack     at Request.self.callback (/usr/local/lib/node_modules/npm/node_modules/request/request.js:198:22)
36 verbose stack     at emitTwo (events.js:100:13)
36 verbose stack     at Request.emit (events.js:185:7)
36 verbose stack     at Request.<anonymous> (/usr/local/lib/node_modules/npm/node_modules/request/request.js:1035:10)
36 verbose stack     at emitOne (events.js:95:20)
36 verbose stack     at Request.emit (events.js:182:7)
36 verbose stack     at IncomingMessage.<anonymous> (/usr/local/lib/node_modules/npm/node_modules/request/request.js:962:12)
37 verbose statusCode 403
38 verbose pkgid utyls
39 verbose cwd /Users/SashankAlladi/GitHub/utyls/utyls
40 error Darwin 15.0.0
41 error argv "/usr/local/Cellar/node/5.5.0/bin/node" "/usr/local/bin/npm" "publish"
42 error node v5.5.0
43 error npm  v3.5.3
44 error code E403
45 error "You cannot publish over the previously published version 1.0.0." : utyls
46 error If you need help, you may report this error at:
46 error     <https://github.com/npm/npm/issues>
47 verbose exit [ 1, true ]
